2024/09/15 14:33:48 Файл изменен: test.txt
2024/10/02 20:23:18 Файл изменен: test.txt
2024/10/02 20:43:15 Файл изменен: test.txt
2024/10/03 14:48:08 Файл изменен: test.txt
2024/10/03 14:49:05 Файл изменен: E:\code\file_watcher\test.txt
2024/10/03 16:15:43 Файл изменен: E:\code\file_watcher\test.txt
2024/10/07 19:56:52 Файл изменен: E:\code\file_watcher\test.txt
2024/10/07 20:00:20 Файл изменен: E:\code\file_watcher\test.txt
2024/10/07 20:01:51 Файл изменен: E:\code\file_watcher\test.txt
2024/10/16 12:28:20 Файл изменен: E:\code\file_watcher\test.txt в 2024-10-16 12:28:20
2024/10/16 12:36:12 2024-10-16 12:36:12: Файл изменен: E:\code\file_watcher\test.txt
2024/10/16 12:41:29 Файл изменен: E:\code\file_watcher\test.txt в 2024-10-16 12:41:29
2024/10/16 12:43:31 Файл изменен: E:\code\file_watcher\test.txt в %!s(MISSING)
2024/10/16 12:44:38 Файл изменен: E:\code\file_watcher\test.txt
2024/10/16 12:45:41 Файл изменен: E:\code\file_watcher\test.txt
2024/10/16 12:54:48 Файл изменен: E:\code\file_watcher\test.txt
2024/10/16 12:55:05 Файл изменен: E:\code\file_watcher\test.txt
2024/10/16 12:57:15 Файл изменен: E:\code\file_watcher\test.txt
2024/10/16 13:18:20 Файл изменен: E:\code\file_watcher\test.txt
2024/10/16 13:19:20 Файл изменен: E:\code\file_watcher\test.txt
2024/10/18 06:45:05 2024-10-18 06:45:05: Файл изменен: E:\code\file_watcher\test.txt
2024/10/18 06:49:09 Файл изменен: E:\code\file_watcher\test.txt
